#
# A fatal error has been detected by the Java Runtime Environment:
#
#  Internal Error (generateOopMap.cpp:2164), pid=270678, tid=270691
#  fatal error: Illegal class file encountered. Try running with -Xverify:all in method main
#
# JRE version: OpenJDK Runtime Environment (11.0.8+10) (build 11.0.8+10)
# Java VM: OpenJDK 64-Bit Server VM (11.0.8+10, mixed mode, tiered, compressed oops, g1 gc, linux-amd64)
# Core dump will be written. Default location: Core dumps may be processed with "/usr/lib/systemd/systemd-coredump %P %u %g %s %t %c %h" (or dumping to /home/ren/eclipse-workspace/Advent of Code 2020/core.270678)
#
# If you would like to submit a bug report, please visit:
#   https://bugreport.java.com/bugreport/crash.jsp
#

---------------  S U M M A R Y ------------

Command Line: -agentlib:jdwp=transport=dt_socket,suspend=y,address=localhost:46495 -javaagent:/home/ren/eclipse/java-2020-09/eclipse/configuration/org.eclipse.osgi/211/0/.cp/lib/javaagent-shaded.jar -Dfile.encoding=UTF-8 december6puzzle1.Main

Host: Intel(R) Core(TM) i7-9700K CPU @ 3.60GHz, 8 cores, 15G, Manjaro Linux
Time: Sat Dec  5 23:20:49 2020 CST elapsed time: 452 seconds (0d 0h 7m 32s)

---------------  T H R E A D  ---------------

Current thread (0x00007faacc25b800):  VMThread "VM Thread" [stack: 0x00007faaa490a000,0x00007faaa4a0a000] [id=270691]

Stack: [0x00007faaa490a000,0x00007faaa4a0a000],  sp=0x00007faaa4a07c10,  free space=1015k
Native frames: (J=compiled Java code, A=aot compiled Java code, j=interpreted, Vv=VM code, C=native code)
V  [libjvm.so+0xdc2d2c]
V  [libjvm.so+0xdc3951]
V  [libjvm.so+0x66fc39]
V  [libjvm.so+0x7c889b]
V  [libjvm.so+0x7c893b]
V  [libjvm.so+0x7ca8b3]
V  [libjvm.so+0x7cee6d]
V  [libjvm.so+0x7cf1a3]
V  [libjvm.so+0xbab895]
V  [libjvm.so+0xbac5b3]
V  [libjvm.so+0xbacaa6]
V  [libjvm.so+0xb50b9f]
V  [libjvm.so+0x9ef37c]
V  [libjvm.so+0xdc55b0]
V  [libjvm.so+0xdcb2fa]
V  [libjvm.so+0xdcb98a]
V  [libjvm.so+0xdcbd08]
V  [libjvm.so+0xd54091]
V  [libjvm.so+0xbc2c71]

VM_Operation (0x00007faa87af98a0): GetOrSetLocal, mode: safepoint, requested by thread 0x00007faacc3c8000


---------------  P R O C E S S  ---------------

Threads class SMR info:
_java_thread_list=0x00007faa7002a5a0, length=12, elements={
0x00007faacc018000, 0x00007faacc264000, 0x00007faacc268000, 0x00007faacc27d800,
0x00007faacc280000, 0x00007faacc282000, 0x00007faacc284000, 0x00007faacc33f800,
0x00007faacc3c8000, 0x00007faacc3cb800, 0x00007faa64001800, 0x00007faacc481000
}

Java Threads: ( => current thread )
  0x00007faacc018000 JavaThread "main" [_thread_blocked, id=270684, stack(0x00007faad16e5000,0x00007faad17e6000)]
  0x00007faacc264000 JavaThread "Reference Handler" daemon [_thread_blocked, id=270692, stack(0x00007faaa4807000,0x00007faaa4908000)]
  0x00007faacc268000 JavaThread "Finalizer" daemon [_thread_blocked, id=270693, stack(0x00007faaa4706000,0x00007faaa4807000)]
  0x00007faacc27d800 JavaThread "Signal Dispatcher" daemon [_thread_blocked, id=270694, stack(0x00007faaa4047000,0x00007faaa4148000)]
  0x00007faacc280000 JavaThread "C2 CompilerThread0" daemon [_thread_blocked, id=270695, stack(0x00007faa87eff000,0x00007faa88000000)]
  0x00007faacc282000 JavaThread "C1 CompilerThread0" daemon [_thread_blocked, id=270696, stack(0x00007faa87dfe000,0x00007faa87eff000)]
  0x00007faacc284000 JavaThread "Sweeper thread" daemon [_thread_blocked, id=270697, stack(0x00007faa87cfd000,0x00007faa87dfe000)]
  0x00007faacc33f800 JavaThread "Common-Cleaner" daemon [_thread_blocked, id=270698, stack(0x00007faa87bfc000,0x00007faa87cfd000)]
  0x00007faacc3c8000 JavaThread "JDWP Transport Listener: dt_socket" daemon [_thread_blocked, id=270701, stack(0x00007faa879fa000,0x00007faa87afb000)] _threads_hazard_ptr=0x00007faa7002a5a0
  0x00007faacc3cb800 JavaThread "JDWP Event Helper Thread" daemon [_thread_blocked, id=270703, stack(0x00007faa878be000,0x00007faa879bf000)]
  0x00007faa64001800 JavaThread "JDWP Command Reader" daemon [_thread_in_native, id=270705, stack(0x00007faa877bd000,0x00007faa878be000)]
  0x00007faacc481000 JavaThread "Service Thread" daemon [_thread_blocked, id=270708, stack(0x00007faa876bc000,0x00007faa877bd000)]

Other Threads:
=>0x00007faacc25b800 VMThread "VM Thread" [stack: 0x00007faaa490a000,0x00007faaa4a0a000] [id=270691]
  0x00007faacc486800 WatcherThread [stack: 0x00007faa875bc000,0x00007faa876bc000] [id=270709]
  0x00007faacc030000 GCTaskThread "GC Thread#0" [stack: 0x00007faad134a000,0x00007faad144a000] [id=270686]
  0x00007faacc08e000 ConcurrentGCThread "G1 Main Marker" [stack: 0x00007faad0174000,0x00007faad0274000] [id=270687]
  0x00007faacc090000 ConcurrentGCThread "G1 Conc#0" [stack: 0x00007faad0072000,0x00007faad0172000] [id=270688]
  0x00007faacc18f800 ConcurrentGCThread "G1 Refine#0" [stack: 0x00007faaa538f000,0x00007faaa548f000] [id=270689]
  0x00007faacc191800 ConcurrentGCThread "G1 Young RemSet Sampling" [stack: 0x00007faaa528d000,0x00007faaa538d000] [id=270690]

Threads with active compile tasks:

VM state:at safepoint (normal execution)

VM Mutex/Monitor currently owned by a thread:  ([mutex/lock_event])
[0x00007faacc014ae0] Threads_lock - owner thread: 0x00007faacc25b800

Heap address: 0x0000000706c00000, size: 3988 MB, Compressed Oops mode: Zero based, Oop shift amount: 3
Narrow klass base: 0x0000000800000000, Narrow klass shift: 0
Compressed class space size: 1073741824 Address: 0x0000000800000000

Heap:
 garbage-first heap   total 256000K, used 7168K [0x0000000706c00000, 0x0000000800000000)
  region size 1024K, 9 young (9216K), 0 survivors (0K)
 Metaspace       used 9625K, capacity 9746K, committed 9856K, reserved 1058816K
  class space    used 842K, capacity 883K, committed 896K, reserved 1048576K
Heap Regions: E=young(eden), S=young(survivor), O=old, HS=humongous(starts), HC=humongous(continues), CS=collection set, F=free, A=archive, TAMS=top-at-mark-start (previous, next)
|   0|0x0000000706c00000, 0x0000000706c00000, 0x0000000706d00000|  0%| F|  |TAMS 0x0000000706c00000, 0x0000000706c00000| Untracked 
|   1|0x0000000706d00000, 0x0000000706d00000, 0x0000000706e00000|  0%| F|  |TAMS 0x0000000706d00000, 0x0000000706d00000| Untracked 
|   2|0x0000000706e00000, 0x0000000706e00000, 0x0000000706f00000|  0%| F|  |TAMS 0x0000000706e00000, 0x0000000706e00000| Untracked 
|   3|0x0000000706f00000, 0x0000000706f00000, 0x0000000707000000|  0%| F|  |TAMS 0x0000000706f00000, 0x0000000706f00000| Untracked 
|   4|0x0000000707000000, 0x0000000707000000, 0x0000000707100000|  0%| F|  |TAMS 0x0000000707000000, 0x0000000707000000| Untracked 
|   5|0x0000000707100000, 0x0000000707100000, 0x0000000707200000|  0%| F|  |TAMS 0x0000000707100000, 0x0000000707100000| Untracked 
|   6|0x0000000707200000, 0x0000000707200000, 0x0000000707300000|  0%| F|  |TAMS 0x0000000707200000, 0x0000000707200000| Untracked 
|   7|0x0000000707300000, 0x0000000707300000, 0x0000000707400000|  0%| F|  |TAMS 0x0000000707300000, 0x0000000707300000| Untracked 
|   8|0x0000000707400000, 0x0000000707400000, 0x0000000707500000|  0%| F|  |TAMS 0x0000000707400000, 0x0000000707400000| Untracked 
|   9|0x0000000707500000, 0x0000000707500000, 0x0000000707600000|  0%| F|  |TAMS 0x0000000707500000, 0x0000000707500000| Untracked 
|  10|0x0000000707600000, 0x0000000707600000, 0x0000000707700000|  0%| F|  |TAMS 0x0000000707600000, 0x0000000707600000| Untracked 
|  11|0x0000000707700000, 0x0000000707700000, 0x0000000707800000|  0%| F|  |TAMS 0x0000000707700000, 0x0000000707700000| Untracked 
|  12|0x0000000707800000, 0x0000000707800000, 0x0000000707900000|  0%| F|  |TAMS 0x0000000707800000, 0x0000000707800000| Untracked 
|  13|0x0000000707900000, 0x0000000707900000, 0x0000000707a00000|  0%| F|  |TAMS 0x0000000707900000, 0x0000000707900000| Untracked 
|  14|0x0000000707a00000, 0x0000000707a00000, 0x0000000707b00000|  0%| F|  |TAMS 0x0000000707a00000, 0x0000000707a00000| Untracked 
|  15|0x0000000707b00000, 0x0000000707b00000, 0x0000000707c00000|  0%| F|  |TAMS 0x0000000707b00000, 0x0000000707b00000| Untracked 
|  16|0x0000000707c00000, 0x0000000707c00000, 0x0000000707d00000|  0%| F|  |TAMS 0x0000000707c00000, 0x0000000707c00000| Untracked 
|  17|0x0000000707d00000, 0x0000000707d00000, 0x0000000707e00000|  0%| F|  |TAMS 0x0000000707d00000, 0x0000000707d00000| Untracked 
|  18|0x0000000707e00000, 0x0000000707e00000, 0x0000000707f00000|  0%| F|  |TAMS 0x0000000707e00000, 0x0000000707e00000| Untracked 
|  19|0x0000000707f00000, 0x0000000707f00000, 0x0000000708000000|  0%| F|  |TAMS 0x0000000707f00000, 0x0000000707f00000| Untracked 
|  20|0x0000000708000000, 0x0000000708000000, 0x0000000708100000|  0%| F|  |TAMS 0x0000000708000000, 0x0000000708000000| Untracked 
|  21|0x0000000708100000, 0x0000000708100000, 0x0000000708200000|  0%| F|  |TAMS 0x0000000708100000, 0x0000000708100000| Untracked 
|  22|0x0000000708200000, 0x0000000708200000, 0x0000000708300000|  0%| F|  |TAMS 0x0000000708200000, 0x0000000708200000| Untracked 
|  23|0x0000000708300000, 0x0000000708300000, 0x0000000708400000|  0%| F|  |TAMS 0x0000000708300000, 0x0000000708300000| Untracked 
|  24|0x0000000708400000, 0x0000000708400000, 0x0000000708500000|  0%| F|  |TAMS 0x0000000708400000, 0x0000000708400000| Untracked 
|  25|0x0000000708500000, 0x0000000708500000, 0x0000000708600000|  0%| F|  |TAMS 0x0000000708500000, 0x0000000708500000| Untracked 
|  26|0x0000000708600000, 0x0000000708600000, 0x0000000708700000|  0%| F|  |TAMS 0x0000000708600000, 0x0000000708600000| Untracked 
|  27|0x0000000708700000, 0x0000000708700000, 0x0000000708800000|  0%| F|  |TAMS 0x0000000708700000, 0x0000000708700000| Untracked 
|  28|0x0000000708800000, 0x0000000708800000, 0x0000000708900000|  0%| F|  |TAMS 0x0000000708800000, 0x0000000708800000| Untracked 
|  29|0x0000000708900000, 0x0000000708900000, 0x0000000708a00000|  0%| F|  |TAMS 0x0000000708900000, 0x0000000708900000| Untracked 
|  30|0x0000000708a00000, 0x0000000708a00000, 0x0000000708b00000|  0%| F|  |TAMS 0x0000000708a00000, 0x0000000708a00000| Untracked 
|  31|0x0000000708b00000, 0x0000000708b00000, 0x0000000708c00000|  0%| F|  |TAMS 0x0000000708b00000, 0x0000000708b00000| Untracked 
|  32|0x0000000708c00000, 0x0000000708c00000, 0x0000000708d00000|  0%| F|  |TAMS 0x0000000708c00000, 0x0000000708c00000| Untracked 
|  33|0x0000000708d00000, 0x0000000708d00000, 0x0000000708e00000|  0%| F|  |TAMS 0x0000000708d00000, 0x0000000708d00000| Untracked 
|  34|0x0000000708e00000, 0x0000000708e00000, 0x0000000708f00000|  0%| F|  |TAMS 0x0000000708e00000, 0x0000000708e00000| Untracked 
|  35|0x0000000708f00000, 0x0000000708f00000, 0x0000000709000000|  0%| F|  |TAMS 0x0000000708f00000, 0x0000000708f00000| Untracked 
|  36|0x0000000709000000, 0x0000000709000000, 0x0000000709100000|  0%| F|  |TAMS 0x0000000709000000, 0x0000000709000000| Untracked 
|  37|0x0000000709100000, 0x0000000709100000, 0x0000000709200000|  0%| F|  |TAMS 0x0000000709100000, 0x0000000709100000| Untracked 
|  38|0x0000000709200000, 0x0000000709200000, 0x0000000709300000|  0%| F|  |TAMS 0x0000000709200000, 0x0000000709200000| Untracked 
|  39|0x0000000709300000, 0x0000000709300000, 0x0000000709400000|  0%| F|  |TAMS 0x0000000709300000, 0x0000000709300000| Untracked 
|  40|0x0000000709400000, 0x0000000709400000, 0x0000000709500000|  0%| F|  |TAMS 0x0000000709400000, 0x0000000709400000| Untracked 
|  41|0x0000000709500000, 0x0000000709500000, 0x0000000709600000|  0%| F|  |TAMS 0x0000000709500000, 0x0000000709500000| Untracked 
|  42|0x0000000709600000, 0x0000000709600000, 0x0000000709700000|  0%| F|  |TAMS 0x0000000709600000, 0x0000000709600000| Untracked 
|  43|0x0000000709700000, 0x0000000709700000, 0x0000000709800000|  0%| F|  |TAMS 0x0000000709700000, 0x0000000709700000| Untracked 
|  44|0x0000000709800000, 0x0000000709800000, 0x0000000709900000|  0%| F|  |TAMS 0x0000000709800000, 0x0000000709800000| Untracked 
|  45|0x0000000709900000, 0x0000000709900000, 0x0000000709a00000|  0%| F|  |TAMS 0x0000000709900000, 0x0000000709900000| Untracked 
|  46|0x0000000709a00000, 0x0000000709a00000, 0x0000000709b00000|  0%| F|  |TAMS 0x0000000709a00000, 0x0000000709a00000| Untracked 
|  47|0x0000000709b00000, 0x0000000709b00000, 0x0000000709c00000|  0%| F|  |TAMS 0x0000000709b00000, 0x0000000709b00000| Untracked 
|  48|0x0000000709c00000, 0x0000000709c00000, 0x0000000709d00000|  0%| F|  |TAMS 0x0000000709c00000, 0x0000000709c00000| Untracked 
|  49|0x0000000709d00000, 0x0000000709d00000, 0x0000000709e00000|  0%| F|  |TAMS 0x0000000709d00000, 0x0000000709d00000| Untracked 
|  50|0x0000000709e00000, 0x0000000709e00000, 0x0000000709f00000|  0%| F|  |TAMS 0x0000000709e00000, 0x0000000709e00000| Untracked 
|  51|0x0000000709f00000, 0x0000000709f00000, 0x000000070a000000|  0%| F|  |TAMS 0x0000000709f00000, 0x0000000709f00000| Untracked 
|  52|0x000000070a000000, 0x000000070a000000, 0x000000070a100000|  0%| F|  |TAMS 0x000000070a000000, 0x000000070a000000| Untracked 
|  53|0x000000070a100000, 0x000000070a100000, 0x000000070a200000|  0%| F|  |TAMS 0x000000070a100000, 0x000000070a100000| Untracked 
|  54|0x000000070a200000, 0x000000070a200000, 0x000000070a300000|  0%| F|  |TAMS 0x000000070a200000, 0x000000070a200000| Untracked 
|  55|0x000000070a300000, 0x000000070a300000, 0x000000070a400000|  0%| F|  |TAMS 0x000000070a300000, 0x000000070a300000| Untracked 
|  56|0x000000070a400000, 0x000000070a400000, 0x000000070a500000|  0%| F|  |TAMS 0x000000070a400000, 0x000000070a400000| Untracked 
|  57|0x000000070a500000, 0x000000070a500000, 0x000000070a600000|  0%| F|  |TAMS 0x000000070a500000, 0x000000070a500000| Untracked 
|  58|0x000000070a600000, 0x000000070a600000, 0x000000070a700000|  0%| F|  |TAMS 0x000000070a600000, 0x000000070a600000| Untracked 
|  59|0x000000070a700000, 0x000000070a700000, 0x000000070a800000|  0%| F|  |TAMS 0x000000070a700000, 0x000000070a700000| Untracked 
|  60|0x000000070a800000, 0x000000070a800000, 0x000000070a900000|  0%| F|  |TAMS 0x000000070a800000, 0x000000070a800000| Untracked 
|  61|0x000000070a900000, 0x000000070a900000, 0x000000070aa00000|  0%| F|  |TAMS 0x000000070a900000, 0x000000070a900000| Untracked 
|  62|0x000000070aa00000, 0x000000070aa00000, 0x000000070ab00000|  0%| F|  |TAMS 0x000000070aa00000, 0x000000070aa00000| Untracked 
|  63|0x000000070ab00000, 0x000000070ab00000, 0x000000070ac00000|  0%| F|  |TAMS 0x000000070ab00000, 0x000000070ab00000| Untracked 
|  64|0x000000070ac00000, 0x000000070ac00000, 0x000000070ad00000|  0%| F|  |TAMS 0x000000070ac00000, 0x000000070ac00000| Untracked 
|  65|0x000000070ad00000, 0x000000070ad00000, 0x000000070ae00000|  0%| F|  |TAMS 0x000000070ad00000, 0x000000070ad00000| Untracked 
|  66|0x000000070ae00000, 0x000000070ae00000, 0x000000070af00000|  0%| F|  |TAMS 0x000000070ae00000, 0x000000070ae00000| Untracked 
|  67|0x000000070af00000, 0x000000070af00000, 0x000000070b000000|  0%| F|  |TAMS 0x000000070af00000, 0x000000070af00000| Untracked 
|  68|0x000000070b000000, 0x000000070b000000, 0x000000070b100000|  0%| F|  |TAMS 0x000000070b000000, 0x000000070b000000| Untracked 
|  69|0x000000070b100000, 0x000000070b100000, 0x000000070b200000|  0%| F|  |TAMS 0x000000070b100000, 0x000000070b100000| Untracked 
|  70|0x000000070b200000, 0x000000070b200000, 0x000000070b300000|  0%| F|  |TAMS 0x000000070b200000, 0x000000070b200000| Untracked 
|  71|0x000000070b300000, 0x000000070b300000, 0x000000070b400000|  0%| F|  |TAMS 0x000000070b300000, 0x000000070b300000| Untracked 
|  72|0x000000070b400000, 0x000000070b400000, 0x000000070b500000|  0%| F|  |TAMS 0x000000070b400000, 0x000000070b400000| Untracked 
|  73|0x000000070b500000, 0x000000070b500000, 0x000000070b600000|  0%| F|  |TAMS 0x000000070b500000, 0x000000070b500000| Untracked 
|  74|0x000000070b600000, 0x000000070b600000, 0x000000070b700000|  0%| F|  |TAMS 0x000000070b600000, 0x000000070b600000| Untracked 
|  75|0x000000070b700000, 0x000000070b700000, 0x000000070b800000|  0%| F|  |TAMS 0x000000070b700000, 0x000000070b700000| Untracked 
|  76|0x000000070b800000, 0x000000070b800000, 0x000000070b900000|  0%| F|  |TAMS 0x000000070b800000, 0x000000070b800000| Untracked 
|  77|0x000000070b900000, 0x000000070b900000, 0x000000070ba00000|  0%| F|  |TAMS 0x000000070b900000, 0x000000070b900000| Untracked 
|  78|0x000000070ba00000, 0x000000070ba00000, 0x000000070bb00000|  0%| F|  |TAMS 0x000000070ba00000, 0x000000070ba00000| Untracked 
|  79|0x000000070bb00000, 0x000000070bb00000, 0x000000070bc00000|  0%| F|  |TAMS 0x000000070bb00000, 0x000000070bb00000| Untracked 
|  80|0x000000070bc00000, 0x000000070bc00000, 0x000000070bd00000|  0%| F|  |TAMS 0x000000070bc00000, 0x000000070bc00000| Untracked 
|  81|0x000000070bd00000, 0x000000070bd00000, 0x000000070be00000|  0%| F|  |TAMS 0x000000070bd00000, 0x000000070bd00000| Untracked 
|  82|0x000000070be00000, 0x000000070be00000, 0x000000070bf00000|  0%| F|  |TAMS 0x000000070be00000, 0x000000070be00000| Untracked 
|  83|0x000000070bf00000, 0x000000070bf00000, 0x000000070c000000|  0%| F|  |TAMS 0x000000070bf00000, 0x000000070bf00000| Untracked 
|  84|0x000000070c000000, 0x000000070c000000, 0x000000070c100000|  0%| F|  |TAMS 0x000000070c000000, 0x000000070c000000| Untracked 
|  85|0x000000070c100000, 0x000000070c100000, 0x000000070c200000|  0%| F|  |TAMS 0x000000070c100000, 0x000000070c100000| Untracked 
|  86|0x000000070c200000, 0x000000070c200000, 0x000000070c300000|  0%| F|  |TAMS 0x000000070c200000, 0x000000070c200000| Untracked 
|  87|0x000000070c300000, 0x000000070c300000, 0x000000070c400000|  0%| F|  |TAMS 0x000000070c300000, 0x000000070c300000| Untracked 
|  88|0x000000070c400000, 0x000000070c400000, 0x000000070c500000|  0%| F|  |TAMS 0x000000070c400000, 0x000000070c400000| Untracked 
|  89|0x000000070c500000, 0x000000070c500000, 0x000000070c600000|  0%| F|  |TAMS 0x000000070c500000, 0x000000070c500000| Untracked 
|  90|0x000000070c600000, 0x000000070c600000, 0x000000070c700000|  0%| F|  |TAMS 0x000000070c600000, 0x000000070c600000| Untracked 
|  91|0x000000070c700000, 0x000000070c700000, 0x000000070c800000|  0%| F|  |TAMS 0x000000070c700000, 0x000000070c700000| Untracked 
|  92|0x000000070c800000, 0x000000070c800000, 0x000000070c900000|  0%| F|  |TAMS 0x000000070c800000, 0x000000070c800000| Untracked 
|  93|0x000000070c900000, 0x000000070c900000, 0x000000070ca00000|  0%| F|  |TAMS 0x000000070c900000, 0x000000070c900000| Untracked 
|  94|0x000000070ca00000, 0x000000070ca00000, 0x000000070cb00000|  0%| F|  |TAMS 0x000000070ca00000, 0x000000070ca00000| Untracked 
|  95|0x000000070cb00000, 0x000000070cb00000, 0x000000070cc00000|  0%| F|  |TAMS 0x000000070cb00000, 0x000000070cb00000| Untracked 
|  96|0x000000070cc00000, 0x000000070cc00000, 0x000000070cd00000|  0%| F|  |TAMS 0x000000070cc00000, 0x000000070cc00000| Untracked 
|  97|0x000000070cd00000, 0x000000070cd00000, 0x000000070ce00000|  0%| F|  |TAMS 0x000000070cd00000, 0x000000070cd00000| Untracked 
|  98|0x000000070ce00000, 0x000000070ce00000, 0x000000070cf00000|  0%| F|  |TAMS 0x000000070ce00000, 0x000000070ce00000| Untracked 
|  99|0x000000070cf00000, 0x000000070cf00000, 0x000000070d000000|  0%| F|  |TAMS 0x000000070cf00000, 0x000000070cf00000| Untracked 
| 100|0x000000070d000000, 0x000000070d000000, 0x000000070d100000|  0%| F|  |TAMS 0x000000070d000000, 0x000000070d000000| Untracked 
| 101|0x000000070d100000, 0x000000070d100000, 0x000000070d200000|  0%| F|  |TAMS 0x000000070d100000, 0x000000070d100000| Untracked 
| 102|0x000000070d200000, 0x000000070d200000, 0x000000070d300000|  0%| F|  |TAMS 0x000000070d200000, 0x000000070d200000| Untracked 
| 103|0x000000070d300000, 0x000000070d300000, 0x000000070d400000|  0%| F|  |TAMS 0x000000070d300000, 0x000000070d300000| Untracked 
| 104|0x000000070d400000, 0x000000070d400000, 0x000000070d500000|  0%| F|  |TAMS 0x000000070d400000, 0x000000070d400000| Untracked 
| 105|0x000000070d500000, 0x000000070d500000, 0x000000070d600000|  0%| F|  |TAMS 0x000000070d500000, 0x000000070d500000| Untracked 
| 106|0x000000070d600000, 0x000000070d600000, 0x000000070d700000|  0%| F|  |TAMS 0x000000070d600000, 0x000000070d600000| Untracked 
| 107|0x000000070d700000, 0x000000070d700000, 0x000000070d800000|  0%| F|  |TAMS 0x000000070d700000, 0x000000070d700000| Untracked 
| 108|0x000000070d800000, 0x000000070d800000, 0x000000070d900000|  0%| F|  |TAMS 0x000000070d800000, 0x000000070d800000| Untracked 
| 109|0x000000070d900000, 0x000000070d900000, 0x000000070da00000|  0%| F|  |TAMS 0x000000070d900000, 0x000000070d900000| Untracked 
| 110|0x000000070da00000, 0x000000070da00000, 0x000000070db00000|  0%| F|  |TAMS 0x000000070da00000, 0x000000070da00000| Untracked 
| 111|0x000000070db00000, 0x000000070db00000, 0x000000070dc00000|  0%| F|  |TAMS 0x000000070db00000, 0x000000070db00000| Untracked 
| 112|0x000000070dc00000, 0x000000070dc00000, 0x000000070dd00000|  0%| F|  |TAMS 0x000000070dc00000, 0x000000070dc00000| Untracked 
| 113|0x000000070dd00000, 0x000000070dd00000, 0x000000070de00000|  0%| F|  |TAMS 0x000000070dd00000, 0x000000070dd00000| Untracked 
| 114|0x000000070de00000, 0x000000070de00000, 0x000000070df00000|  0%| F|  |TAMS 0x000000070de00000, 0x000000070de00000| Untracked 
| 115|0x000000070df00000, 0x000000070df00000, 0x000000070e000000|  0%| F|  |TAMS 0x000000070df00000, 0x000000070df00000| Untracked 
| 116|0x000000070e000000, 0x000000070e000000, 0x000000070e100000|  0%| F|  |TAMS 0x000000070e000000, 0x000000070e000000| Untracked 
| 117|0x000000070e100000, 0x000000070e100000, 0x000000070e200000|  0%| F|  |TAMS 0x000000070e100000, 0x000000070e100000| Untracked 
| 118|0x000000070e200000, 0x000000070e200000, 0x000000070e300000|  0%| F|  |TAMS 0x000000070e200000, 0x000000070e200000| Untracked 
| 119|0x000000070e300000, 0x000000070e300000, 0x000000070e400000|  0%| F|  |TAMS 0x000000070e300000, 0x000000070e300000| Untracked 
| 120|0x000000070e400000, 0x000000070e400000, 0x000000070e500000|  0%| F|  |TAMS 0x000000070e400000, 0x000000070e400000| Untracked 
| 121|0x000000070e500000, 0x000000070e500000, 0x000000070e600000|  0%| F|  |TAMS 0x000000070e500000, 0x000000070e500000| Untracked 
| 122|0x000000070e600000, 0x000000070e600000, 0x000000070e700000|  0%| F|  |TAMS 0x000000070e600000, 0x000000070e600000| Untracked 
| 123|0x000000070e700000, 0x000000070e700000, 0x000000070e800000|  0%| F|  |TAMS 0x000000070e700000, 0x000000070e700000| Untracked 
| 124|0x000000070e800000, 0x000000070e800000, 0x000000070e900000|  0%| F|  |TAMS 0x000000070e800000, 0x000000070e800000| Untracked 
| 125|0x000000070e900000, 0x000000070e900000, 0x000000070ea00000|  0%| F|  |TAMS 0x000000070e900000, 0x000000070e900000| Untracked 
| 126|0x000000070ea00000, 0x000000070ea00000, 0x000000070eb00000|  0%| F|  |TAMS 0x000000070ea00000, 0x000000070ea00000| Untracked 
| 127|0x000000070eb00000, 0x000000070eb00000, 0x000000070ec00000|  0%| F|  |TAMS 0x000000070eb00000, 0x000000070eb00000| Untracked 
| 128|0x000000070ec00000, 0x000000070ec00000, 0x000000070ed00000|  0%| F|  |TAMS 0x000000070ec00000, 0x000000070ec00000| Untracked 
| 129|0x000000070ed00000, 0x000000070ed00000, 0x000000070ee00000|  0%| F|  |TAMS 0x000000070ed00000, 0x000000070ed00000| Untracked 
| 130|0x000000070ee00000, 0x000000070ee00000, 0x000000070ef00000|  0%| F|  |TAMS 0x000000070ee00000, 0x000000070ee00000| Untracked 
| 131|0x000000070ef00000, 0x000000070ef00000, 0x000000070f000000|  0%| F|  |TAMS 0x000000070ef00000, 0x000000070ef00000| Untracked 
| 132|0x000000070f000000, 0x000000070f000000, 0x000000070f100000|  0%| F|  |TAMS 0x000000070f000000, 0x000000070f000000| Untracked 
| 133|0x000000070f100000, 0x000000070f100000, 0x000000070f200000|  0%| F|  |TAMS 0x000000070f100000, 0x000000070f100000| Untracked 
| 134|0x000000070f200000, 0x000000070f200000, 0x000000070f300000|  0%| F|  |TAMS 0x000000070f200000, 0x000000070f200000| Untracked 
| 135|0x000000070f300000, 0x000000070f300000, 0x000000070f400000|  0%| F|  |TAMS 0x000000070f300000, 0x000000070f300000| Untracked 
| 136|0x000000070f400000, 0x000000070f400000, 0x000000070f500000|  0%| F|  |TAMS 0x000000070f400000, 0x000000070f400000| Untracked 
| 137|0x000000070f500000, 0x000000070f500000, 0x000000070f600000|  0%| F|  |TAMS 0x000000070f500000, 0x000000070f500000| Untracked 
| 138|0x000000070f600000, 0x000000070f600000, 0x000000070f700000|  0%| F|  |TAMS 0x000000070f600000, 0x000000070f600000| Untracked 
| 139|0x000000070f700000, 0x000000070f700000, 0x000000070f800000|  0%| F|  |TAMS 0x000000070f700000, 0x000000070f700000| Untracked 
| 140|0x000000070f800000, 0x000000070f800000, 0x000000070f900000|  0%| F|  |TAMS 0x000000070f800000, 0x000000070f800000| Untracked 
| 141|0x000000070f900000, 0x000000070f900000, 0x000000070fa00000|  0%| F|  |TAMS 0x000000070f900000, 0x000000070f900000| Untracked 
| 142|0x000000070fa00000, 0x000000070fa00000, 0x000000070fb00000|  0%| F|  |TAMS 0x000000070fa00000, 0x000000070fa00000| Untracked 
| 143|0x000000070fb00000, 0x000000070fb00000, 0x000000070fc00000|  0%| F|  |TAMS 0x000000070fb00000, 0x000000070fb00000| Untracked 
| 144|0x000000070fc00000, 0x000000070fc00000, 0x000000070fd00000|  0%| F|  |TAMS 0x000000070fc00000, 0x000000070fc00000| Untracked 
| 145|0x000000070fd00000, 0x000000070fd00000, 0x000000070fe00000|  0%| F|  |TAMS 0x000000070fd00000, 0x000000070fd00000| Untracked 
| 146|0x000000070fe00000, 0x000000070fe00000, 0x000000070ff00000|  0%| F|  |TAMS 0x000000070fe00000, 0x000000070fe00000| Untracked 
| 147|0x000000070ff00000, 0x000000070ff00000, 0x0000000710000000|  0%| F|  |TAMS 0x000000070ff00000, 0x000000070ff00000| Untracked 
| 148|0x0000000710000000, 0x0000000710000000, 0x0000000710100000|  0%| F|  |TAMS 0x0000000710000000, 0x0000000710000000| Untracked 
| 149|0x0000000710100000, 0x0000000710100000, 0x0000000710200000|  0%| F|  |TAMS 0x0000000710100000, 0x0000000710100000| Untracked 
| 150|0x0000000710200000, 0x0000000710200000, 0x0000000710300000|  0%| F|  |TAMS 0x0000000710200000, 0x0000000710200000| Untracked 
| 151|0x0000000710300000, 0x0000000710300000, 0x0000000710400000|  0%| F|  |TAMS 0x0000000710300000, 0x0000000710300000| Untracked 
| 152|0x0000000710400000, 0x0000000710400000, 0x0000000710500000|  0%| F|  |TAMS 0x0000000710400000, 0x0000000710400000| Untracked 
| 153|0x0000000710500000, 0x0000000710500000, 0x0000000710600000|  0%| F|  |TAMS 0x0000000710500000, 0x0000000710500000| Untracked 
| 154|0x0000000710600000, 0x0000000710600000, 0x0000000710700000|  0%| F|  |TAMS 0x0000000710600000, 0x0000000710600000| Untracked 
| 155|0x0000000710700000, 0x0000000710700000, 0x0000000710800000|  0%| F|  |TAMS 0x0000000710700000, 0x0000000710700000| Untracked 
| 156|0x0000000710800000, 0x0000000710800000, 0x0000000710900000|  0%| F|  |TAMS 0x0000000710800000, 0x0000000710800000| Untracked 
| 157|0x0000000710900000, 0x0000000710900000, 0x0000000710a00000|  0%| F|  |TAMS 0x0000000710900000, 0x0000000710900000| Untracked 
| 158|0x0000000710a00000, 0x0000000710a00000, 0x0000000710b00000|  0%| F|  |TAMS 0x0000000710a00000, 0x0000000710a00000| Untracked 
| 159|0x0000000710b00000, 0x0000000710b00000, 0x0000000710c00000|  0%| F|  |TAMS 0x0000000710b00000, 0x0000000710b00000| Untracked 
| 160|0x0000000710c00000, 0x0000000710c00000, 0x0000000710d00000|  0%| F|  |TAMS 0x0000000710c00000, 0x0000000710c00000| Untracked 
| 161|0x0000000710d00000, 0x0000000710d00000, 0x0000000710e00000|  0%| F|  |TAMS 0x0000000710d00000, 0x0000000710d00000| Untracked 
| 162|0x0000000710e00000, 0x0000000710e00000, 0x0000000710f00000|  0%| F|  |TAMS 0x0000000710e00000, 0x0000000710e00000| Untracked 
| 163|0x0000000710f00000, 0x0000000710f00000, 0x0000000711000000|  0%| F|  |TAMS 0x0000000710f00000, 0x0000000710f00000| Untracked 
| 164|0x0000000711000000, 0x0000000711000000, 0x0000000711100000|  0%| F|  |TAMS 0x0000000711000000, 0x0000000711000000| Untracked 
| 165|0x0000000711100000, 0x0000000711100000, 0x0000000711200000|  0%| F|  |TAMS 0x0000000711100000, 0x0000000711100000| Untracked 
| 166|0x0000000711200000, 0x0000000711200000, 0x0000000711300000|  0%| F|  |TAMS 0x0000000711200000, 0x0000000711200000| Untracked 
| 167|0x0000000711300000, 0x0000000711300000, 0x0000000711400000|  0%| F|  |TAMS 0x0000000711300000, 0x0000000711300000| Untracked 
| 168|0x0000000711400000, 0x0000000711400000, 0x0000000711500000|  0%| F|  |TAMS 0x0000000711400000, 0x0000000711400000| Untracked 
| 169|0x0000000711500000, 0x0000000711500000, 0x0000000711600000|  0%| F|  |TAMS 0x0000000711500000, 0x0000000711500000| Untracked 
| 170|0x0000000711600000, 0x0000000711600000, 0x0000000711700000|  0%| F|  |TAMS 0x0000000711600000, 0x0000000711600000| Untracked 
| 171|0x0000000711700000, 0x0000000711700000, 0x0000000711800000|  0%| F|  |TAMS 0x0000000711700000, 0x0000000711700000| Untracked 
| 172|0x0000000711800000, 0x0000000711800000, 0x0000000711900000|  0%| F|  |TAMS 0x0000000711800000, 0x0000000711800000| Untracked 
| 173|0x0000000711900000, 0x0000000711900000, 0x0000000711a00000|  0%| F|  |TAMS 0x0000000711900000, 0x0000000711900000| Untracked 
| 174|0x0000000711a00000, 0x0000000711a00000, 0x0000000711b00000|  0%| F|  |TAMS 0x0000000711a00000, 0x0000000711a00000| Untracked 
| 175|0x0000000711b00000, 0x0000000711b00000, 0x0000000711c00000|  0%| F|  |TAMS 0x0000000711b00000, 0x0000000711b00000| Untracked 
| 176|0x0000000711c00000, 0x0000000711c00000, 0x0000000711d00000|  0%| F|  |TAMS 0x0000000711c00000, 0x0000000711c00000| Untracked 
| 177|0x0000000711d00000, 0x0000000711d00000, 0x0000000711e00000|  0%| F|  |TAMS 0x0000000711d00000, 0x0000000711d00000| Untracked 
| 178|0x0000000711e00000, 0x0000000711e00000, 0x0000000711f00000|  0%| F|  |TAMS 0x0000000711e00000, 0x0000000711e00000| Untracked 
| 179|0x0000000711f00000, 0x0000000711f00000, 0x0000000712000000|  0%| F|  |TAMS 0x0000000711f00000, 0x0000000711f00000| Untracked 
| 180|0x0000000712000000, 0x0000000712000000, 0x0000000712100000|  0%| F|  |TAMS 0x0000000712000000, 0x0000000712000000| Untracked 
| 181|0x0000000712100000, 0x0000000712100000, 0x0000000712200000|  0%| F|  |TAMS 0x0000000712100000, 0x0000000712100000| Untracked 
| 182|0x0000000712200000, 0x0000000712200000, 0x0000000712300000|  0%| F|  |TAMS 0x0000000712200000, 0x0000000712200000| Untracked 
| 183|0x0000000712300000, 0x0000000712300000, 0x0000000712400000|  0%| F|  |TAMS 0x0000000712300000, 0x0000000712300000| Untracked 
| 184|0x0000000712400000, 0x0000000712400000, 0x0000000712500000|  0%| F|  |TAMS 0x0000000712400000, 0x0000000712400000| Untracked 
| 185|0x0000000712500000, 0x0000000712500000, 0x0000000712600000|  0%| F|  |TAMS 0x0000000712500000, 0x0000000712500000| Untracked 
| 186|0x0000000712600000, 0x0000000712600000, 0x0000000712700000|  0%| F|  |TAMS 0x0000000712600000, 0x0000000712600000| Untracked 
| 187|0x0000000712700000, 0x0000000712700000, 0x0000000712800000|  0%| F|  |TAMS 0x0000000712700000, 0x0000000712700000| Untracked 
| 188|0x0000000712800000, 0x0000000712800000, 0x0000000712900000|  0%| F|  |TAMS 0x0000000712800000, 0x0000000712800000| Untracked 
| 189|0x0000000712900000, 0x0000000712900000, 0x0000000712a00000|  0%| F|  |TAMS 0x0000000712900000, 0x0000000712900000| Untracked 
| 190|0x0000000712a00000, 0x0000000712a00000, 0x0000000712b00000|  0%| F|  |TAMS 0x0000000712a00000, 0x0000000712a00000| Untracked 
| 191|0x0000000712b00000, 0x0000000712b00000, 0x0000000712c00000|  0%| F|  |TAMS 0x0000000712b00000, 0x0000000712b00000| Untracked 
| 192|0x0000000712c00000, 0x0000000712c00000, 0x0000000712d00000|  0%| F|  |TAMS 0x0000000712c00000, 0x0000000712c00000| Untracked 
| 193|0x0000000712d00000, 0x0000000712d00000, 0x0000000712e00000|  0%| F|  |TAMS 0x0000000712d00000, 0x0000000712d00000| Untracked 
| 194|0x0000000712e00000, 0x0000000712e00000, 0x0000000712f00000|  0%| F|  |TAMS 0x0000000712e00000, 0x0000000712e00000| Untracked 
| 195|0x0000000712f00000, 0x0000000712f00000, 0x0000000713000000|  0%| F|  |TAMS 0x0000000712f00000, 0x0000000712f00000| Untracked 
| 196|0x0000000713000000, 0x0000000713000000, 0x0000000713100000|  0%| F|  |TAMS 0x0000000713000000, 0x0000000713000000| Untracked 
| 197|0x0000000713100000, 0x0000000713100000, 0x0000000713200000|  0%| F|  |TAMS 0x0000000713100000, 0x0000000713100000| Untracked 
| 198|0x0000000713200000, 0x0000000713200000, 0x0000000713300000|  0%| F|  |TAMS 0x0000000713200000, 0x0000000713200000| Untracked 
| 199|0x0000000713300000, 0x0000000713300000, 0x0000000713400000|  0%| F|  |TAMS 0x0000000713300000, 0x0000000713300000| Untracked 
| 200|0x0000000713400000, 0x0000000713400000, 0x0000000713500000|  0%| F|  |TAMS 0x0000000713400000, 0x0000000713400000| Untracked 
| 201|0x0000000713500000, 0x0000000713500000, 0x0000000713600000|  0%| F|  |TAMS 0x0000000713500000, 0x0000000713500000| Untracked 
| 202|0x0000000713600000, 0x0000000713600000, 0x0000000713700000|  0%| F|  |TAMS 0x0000000713600000, 0x0000000713600000| Untracked 
| 203|0x0000000713700000, 0x0000000713700000, 0x0000000713800000|  0%| F|  |TAMS 0x0000000713700000, 0x0000000713700000| Untracked 
| 204|0x0000000713800000, 0x0000000713800000, 0x0000000713900000|  0%| F|  |TAMS 0x0000000713800000, 0x0000000713800000| Untracked 
| 205|0x0000000713900000, 0x0000000713900000, 0x0000000713a00000|  0%| F|  |TAMS 0x0000000713900000, 0x0000000713900000| Untracked 
| 206|0x0000000713a00000, 0x0000000713a00000, 0x0000000713b00000|  0%| F|  |TAMS 0x0000000713a00000, 0x0000000713a00000| Untracked 
| 207|0x0000000713b00000, 0x0000000713b00000, 0x0000000713c00000|  0%| F|  |TAMS 0x0000000713b00000, 0x0000000713b00000| Untracked 
| 208|0x0000000713c00000, 0x0000000713c00000, 0x0000000713d00000|  0%| F|  |TAMS 0x0000000713c00000, 0x0000000713c00000| Untracked 
| 209|0x0000000713d00000, 0x0000000713d00000, 0x0000000713e00000|  0%| F|  |TAMS 0x0000000713d00000, 0x0000000713d00000| Untracked 
| 210|0x0000000713e00000, 0x0000000713e00000, 0x0000000713f00000|  0%| F|  |TAMS 0x0000000713e00000, 0x0000000713e00000| Untracked 
| 211|0x0000000713f00000, 0x0000000713f00000, 0x0000000714000000|  0%| F|  |TAMS 0x0000000713f00000, 0x0000000713f00000| Untracked 
| 212|0x0000000714000000, 0x0000000714000000, 0x0000000714100000|  0%| F|  |TAMS 0x0000000714000000, 0x0000000714000000| Untracked 
| 213|0x0000000714100000, 0x0000000714100000, 0x0000000714200000|  0%| F|  |TAMS 0x0000000714100000, 0x0000000714100000| Untracked 
| 214|0x0000000714200000, 0x0000000714200000, 0x0000000714300000|  0%| F|  |TAMS 0x0000000714200000, 0x0000000714200000| Untracked 
| 215|0x0000000714300000, 0x0000000714300000, 0x0000000714400000|  0%| F|  |TAMS 0x0000000714300000, 0x0000000714300000| Untracked 
| 216|0x0000000714400000, 0x0000000714400000, 0x0000000714500000|  0%| F|  |TAMS 0x0000000714400000, 0x0000000714400000| Untracked 
| 217|0x0000000714500000, 0x0000000714500000, 0x0000000714600000|  0%| F|  |TAMS 0x0000000714500000, 0x0000000714500000| Untracked 
| 218|0x0000000714600000, 0x0000000714600000, 0x0000000714700000|  0%| F|  |TAMS 0x0000000714600000, 0x0000000714600000| Untracked 
| 219|0x0000000714700000, 0x0000000714700000, 0x0000000714800000|  0%| F|  |TAMS 0x0000000714700000, 0x0000000714700000| Untracked 
| 220|0x0000000714800000, 0x0000000714800000, 0x0000000714900000|  0%| F|  |TAMS 0x0000000714800000, 0x0000000714800000| Untracked 
| 221|0x0000000714900000, 0x0000000714900000, 0x0000000714a00000|  0%| F|  |TAMS 0x0000000714900000, 0x0000000714900000| Untracked 
| 222|0x0000000714a00000, 0x0000000714a00000, 0x0000000714b00000|  0%| F|  |TAMS 0x0000000714a00000, 0x0000000714a00000| Untracked 
| 223|0x0000000714b00000, 0x0000000714b00000, 0x0000000714c00000|  0%| F|  |TAMS 0x0000000714b00000, 0x0000000714b00000| Untracked 
| 224|0x0000000714c00000, 0x0000000714c00000, 0x0000000714d00000|  0%| F|  |TAMS 0x0000000714c00000, 0x0000000714c00000| Untracked 
| 225|0x0000000714d00000, 0x0000000714d00000, 0x0000000714e00000|  0%| F|  |TAMS 0x0000000714d00000, 0x0000000714d00000| Untracked 
| 226|0x0000000714e00000, 0x0000000714e00000, 0x0000000714f00000|  0%| F|  |TAMS 0x0000000714e00000, 0x0000000714e00000| Untracked 
| 227|0x0000000714f00000, 0x0000000714f00000, 0x0000000715000000|  0%| F|  |TAMS 0x0000000714f00000, 0x0000000714f00000| Untracked 
| 228|0x0000000715000000, 0x0000000715000000, 0x0000000715100000|  0%| F|  |TAMS 0x0000000715000000, 0x0000000715000000| Untracked 
| 229|0x0000000715100000, 0x0000000715100000, 0x0000000715200000|  0%| F|  |TAMS 0x0000000715100000, 0x0000000715100000| Untracked 
| 230|0x0000000715200000, 0x0000000715200000, 0x0000000715300000|  0%| F|  |TAMS 0x0000000715200000, 0x0000000715200000| Untracked 
| 231|0x0000000715300000, 0x0000000715300000, 0x0000000715400000|  0%| F|  |TAMS 0x0000000715300000, 0x0000000715300000| Untracked 
| 232|0x0000000715400000, 0x0000000715400000, 0x0000000715500000|  0%| F|  |TAMS 0x0000000715400000, 0x0000000715400000| Untracked 
| 233|0x0000000715500000, 0x0000000715500000, 0x0000000715600000|  0%| F|  |TAMS 0x0000000715500000, 0x0000000715500000| Untracked 
| 234|0x0000000715600000, 0x0000000715600000, 0x0000000715700000|  0%| F|  |TAMS 0x0000000715600000, 0x0000000715600000| Untracked 
| 235|0x0000000715700000, 0x0000000715700000, 0x0000000715800000|  0%| F|  |TAMS 0x0000000715700000, 0x0000000715700000| Untracked 
| 236|0x0000000715800000, 0x0000000715800000, 0x0000000715900000|  0%| F|  |TAMS 0x0000000715800000, 0x0000000715800000| Untracked 
| 237|0x0000000715900000, 0x0000000715900000, 0x0000000715a00000|  0%| F|  |TAMS 0x0000000715900000, 0x0000000715900000| Untracked 
| 238|0x0000000715a00000, 0x0000000715a00000, 0x0000000715b00000|  0%| F|  |TAMS 0x0000000715a00000, 0x0000000715a00000| Untracked 
| 239|0x0000000715b00000, 0x0000000715b00000, 0x0000000715c00000|  0%| F|  |TAMS 0x0000000715b00000, 0x0000000715b00000| Untracked 
| 240|0x0000000715c00000, 0x0000000715c00000, 0x0000000715d00000|  0%| F|  |TAMS 0x0000000715c00000, 0x0000000715c00000| Untracked 
| 241|0x0000000715d00000, 0x0000000715df6470, 0x0000000715e00000| 96%| E|  |TAMS 0x0000000715d00000, 0x0000000715d00000| Complete 
| 242|0x0000000715e00000, 0x0000000715f00000, 0x0000000715f00000|100%| E|CS|TAMS 0x0000000715e00000, 0x0000000715e00000| Complete 
| 243|0x0000000715f00000, 0x0000000716000000, 0x0000000716000000|100%| E|CS|TAMS 0x0000000715f00000, 0x0000000715f00000| Complete 
| 244|0x0000000716000000, 0x0000000716100000, 0x0000000716100000|100%| E|CS|TAMS 0x0000000716000000, 0x0000000716000000| Complete 
| 245|0x0000000716100000, 0x0000000716200000, 0x0000000716200000|100%| E|CS|TAMS 0x0000000716100000, 0x0000000716100000| Complete 
| 246|0x0000000716200000, 0x0000000716300000, 0x0000000716300000|100%| E|CS|TAMS 0x0000000716200000, 0x0000000716200000| Complete 
| 247|0x0000000716300000, 0x0000000716400000, 0x0000000716400000|100%| E|  |TAMS 0x0000000716300000, 0x0000000716300000| Complete 
| 248|0x0000000716400000, 0x0000000716500000, 0x0000000716500000|100%| E|CS|TAMS 0x0000000716400000, 0x0000000716400000| Complete 
| 249|0x0000000716500000, 0x0000000716600000, 0x0000000716600000|100%| E|CS|TAMS 0x0000000716500000, 0x0000000716500000| Complete 

Card table byte_map: [0x00007faab4138000,0x00007faab4902000] _byte_map_base: 0x00007faab0902000

Marking Bits (Prev, Next): (CMBitMap*) 0x00007faacc07d958, (CMBitMap*) 0x00007faacc07d990
 Prev Bits: [0x00007faaab9e6000, 0x00007faaaf836000)
 Next Bits: [0x00007faaa7b96000, 0x00007faaab9e6000)

Polling page: 0x00007faad2f13000

Metaspace:

Usage:
  Non-class:      8.66 MB capacity,     8.58 MB (>99%) used,    71.13 KB ( <1%) free+waste,     9.06 KB ( <1%) overhead. 
      Class:    883.00 KB capacity,   842.79 KB ( 95%) used,    36.65 KB (  4%) free+waste,     3.56 KB ( <1%) overhead. 
       Both:      9.52 MB capacity,     9.40 MB ( 99%) used,   107.78 KB (  1%) free+waste,    12.62 KB ( <1%) overhead. 

Virtual space:
  Non-class space:       10.00 MB reserved,       8.75 MB ( 88%) committed 
      Class space:        1.00 GB reserved,     896.00 KB ( <1%) committed 
             Both:        1.01 GB reserved,       9.62 MB ( <1%) committed 

Chunk freelists:
   Non-Class:  57.00 KB
       Class:  13.00 KB
        Both:  70.00 KB

MaxMetaspaceSize: unlimited
CompressedClassSpaceSize: 1.00 GB

CodeHeap 'non-profiled nmethods': size=120032Kb used=140Kb max_used=140Kb free=119891Kb
 bounds [0x00007faabc3ca000, 0x00007faabc63a000, 0x00007faac3902000]
CodeHeap 'profiled nmethods': size=120028Kb used=712Kb max_used=712Kb free=119315Kb
 bounds [0x00007faab4e93000, 0x00007faab5103000, 0x00007faabc3ca000]
CodeHeap 'non-nmethods': size=5700Kb used=1123Kb max_used=1135Kb free=4577Kb
 bounds [0x00007faab4902000, 0x00007faab4b72000, 0x00007faab4e93000]
 total_blobs=872 nmethods=509 adapters=284
 compilation: enabled
              stopped_count=0, restarted_count=0
 full_count=0

Compilation events (20 events):
Event: 276.966 Thread 0x00007faacc282000  500       3       org.eclipse.jdt.launching.internal.org.objectweb.asm.SymbolTable::get (13 bytes)
Event: 276.968 Thread 0x00007faacc282000 nmethod 500 0x00007faab4f42010 code [0x00007faab4f421c0, 0x00007faab4f42310]
Event: 297.175 Thread 0x00007faacc280000  501       4       org.eclipse.jdt.launching.internal.org.objectweb.asm.ClassReader::getItem (7 bytes)
Event: 297.177 Thread 0x00007faacc280000 nmethod 501 0x00007faabc3ec490 code [0x00007faabc3ec620, 0x00007faabc3ec6f8]
Event: 304.041 Thread 0x00007faacc282000  502       3       org.eclipse.jdt.launching.internal.org.objectweb.asm.SymbolTable::addConstantUtf8 (98 bytes)
Event: 304.044 Thread 0x00007faacc282000 nmethod 502 0x00007faab4f42410 code [0x00007faab4f42660, 0x00007faab4f42d10]
Event: 304.044 Thread 0x00007faacc282000  503       1       org.eclipse.jdt.launching.internal.org.objectweb.asm.SymbolTable::getMajorVersion (5 bytes)
Event: 304.044 Thread 0x00007faacc282000 nmethod 503 0x00007faabc3ec810 code [0x00007faabc3ec9c0, 0x00007faabc3eca70]
Event: 360.183 Thread 0x00007faacc282000  504       1       java.security.ProtectionDomain::getCodeSource (5 bytes)
Event: 360.183 Thread 0x00007faacc282000 nmethod 504 0x00007faabc3ecb10 code [0x00007faabc3eccc0, 0x00007faabc3ecd70]
Event: 360.183 Thread 0x00007faacc282000  505       3       org.eclipse.jdt.launching.internal.org.objectweb.asm.ClassReader::readClass (7 bytes)
Event: 360.184 Thread 0x00007faacc282000 nmethod 505 0x00007faab4f43110 code [0x00007faab4f43300, 0x00007faab4f43780]
Event: 360.184 Thread 0x00007faacc282000  506       3       org.eclipse.jdt.launching.internal.org.objectweb.asm.ClassReader::readStringish (16 bytes)
Event: 360.186 Thread 0x00007faacc282000 nmethod 506 0x00007faab4f43a10 code [0x00007faab4f43c00, 0x00007faab4f44020]
Event: 445.362 Thread 0x00007faacc282000  507       3       org.eclipse.jdt.launching.internal.org.objectweb.asm.SymbolTable::addConstantMemberReference (29 bytes)
Event: 445.362 Thread 0x00007faacc282000 nmethod 507 0x00007faab4f44290 code [0x00007faab4f444a0, 0x00007faab4f448c0]
Event: 445.362 Thread 0x00007faacc282000  508       3       org.eclipse.jdt.launching.internal.org.objectweb.asm.SymbolTable::hash (20 bytes)
Event: 445.364 Thread 0x00007faacc282000 nmethod 508 0x00007faab4f44c10 code [0x00007faab4f44de0, 0x00007faab4f44fa0]
Event: 445.364 Thread 0x00007faacc282000  509       1       org.eclipse.jdt.launching.internal.org.objectweb.asm.SymbolTable::getSource (5 bytes)
Event: 445.364 Thread 0x00007faacc282000 nmethod 509 0x00007faabc3ece10 code [0x00007faabc3ecfc0, 0x00007faabc3ed070]

GC Heap History (0 events):
No events

Deoptimization events (20 events):
Event: 0.560 Thread 0x00007faacc018000 DEOPT PACKING pc=0x00007faab4f0a424 sp=0x00007faad17e4550
Event: 0.560 Thread 0x00007faacc018000 DEOPT UNPACKING pc=0x00007faab4938d3a sp=0x00007faad17e39e0 mode 0
Event: 0.560 Thread 0x00007faacc018000 DEOPT PACKING pc=0x00007faab4f0a424 sp=0x00007faad17e4550
Event: 0.560 Thread 0x00007faacc018000 DEOPT UNPACKING pc=0x00007faab4938d3a sp=0x00007faad17e39e0 mode 0
Event: 0.560 Thread 0x00007faacc018000 DEOPT PACKING pc=0x00007faab4f0a424 sp=0x00007faad17e4550
Event: 0.560 Thread 0x00007faacc018000 DEOPT UNPACKING pc=0x00007faab4938d3a sp=0x00007faad17e39e0 mode 0
Event: 0.560 Thread 0x00007faacc018000 DEOPT PACKING pc=0x00007faab4f0a424 sp=0x00007faad17e4550
Event: 0.560 Thread 0x00007faacc018000 DEOPT UNPACKING pc=0x00007faab4938d3a sp=0x00007faad17e39e0 mode 0
Event: 0.560 Thread 0x00007faacc018000 DEOPT PACKING pc=0x00007faab4f0a424 sp=0x00007faad17e4550
Event: 0.560 Thread 0x00007faacc018000 DEOPT UNPACKING pc=0x00007faab4938d3a sp=0x00007faad17e39e0 mode 0
Event: 0.561 Thread 0x00007faacc018000 DEOPT PACKING pc=0x00007faab4f0a424 sp=0x00007faad17e4550
Event: 0.561 Thread 0x00007faacc018000 DEOPT UNPACKING pc=0x00007faab4938d3a sp=0x00007faad17e39e0 mode 0
Event: 0.561 Thread 0x00007faacc018000 DEOPT PACKING pc=0x00007faab4f0a424 sp=0x00007faad17e4550
Event: 0.561 Thread 0x00007faacc018000 DEOPT UNPACKING pc=0x00007faab4938d3a sp=0x00007faad17e39e0 mode 0
Event: 0.561 Thread 0x00007faacc018000 DEOPT PACKING pc=0x00007faab4f0a424 sp=0x00007faad17e4550
Event: 0.561 Thread 0x00007faacc018000 DEOPT UNPACKING pc=0x00007faab4938d3a sp=0x00007faad17e39e0 mode 0
Event: 0.561 Thread 0x00007faacc018000 DEOPT PACKING pc=0x00007faab4f0a424 sp=0x00007faad17e4550
Event: 0.561 Thread 0x00007faacc018000 DEOPT UNPACKING pc=0x00007faab4938d3a sp=0x00007faad17e39e0 mode 0
Event: 0.561 Thread 0x00007faacc018000 DEOPT PACKING pc=0x00007faab4f0a424 sp=0x00007faad17e4550
Event: 0.561 Thread 0x00007faacc018000 DEOPT UNPACKING pc=0x00007faab4938d3a sp=0x00007faad17e39e0 mode 0

Classes redefined (11 events):
Event: 50.318 Thread 0x00007faacc25b800 redefined class name=december6puzzle1.Main, count=1
Event: 95.967 Thread 0x00007faacc25b800 redefined class name=december6puzzle1.Main, count=2
Event: 101.628 Thread 0x00007faacc25b800 redefined class name=december6puzzle1.Main, count=3
Event: 127.968 Thread 0x00007faacc25b800 redefined class name=december6puzzle1.Main, count=4
Event: 144.234 Thread 0x00007faacc25b800 redefined class name=december6puzzle1.Main, count=5
Event: 194.212 Thread 0x00007faacc25b800 redefined class name=december6puzzle1.Main, count=6
Event: 276.967 Thread 0x00007faacc25b800 redefined class name=december6puzzle1.Main, count=7
Event: 297.177 Thread 0x00007faacc25b800 redefined class name=december6puzzle1.Main, count=8
Event: 304.043 Thread 0x00007faacc25b800 redefined class name=december6puzzle1.Main, count=9
Event: 360.185 Thread 0x00007faacc25b800 redefined class name=december6puzzle1.Main, count=10
Event: 445.363 Thread 0x00007faacc25b800 redefined class name=december6puzzle1.Main, count=11

Internal exceptions (1 events):
Event: 0.542 Thread 0x00007faacc018000 Exception <a 'java/lang/NoSuchMethodError'{0x0000000716171af0}: 'int java.lang.invoke.DirectMethodHandle$Holder.invokeSpecialIFC(java.lang.Object, java.lang.Object, int)'> (0x0000000716171af0) thrown at [src/hotspot/share/interpreter/linkResolver.cpp, line 772]

Events (20 events):
Event: 445.393 Executing VM operation: GetFrameCount done
Event: 445.394 Executing VM operation: GetOwnedMonitorInfo
Event: 445.394 Executing VM operation: GetOwnedMonitorInfo done
Event: 445.394 Executing VM operation: GetCurrentContendedMonitor
Event: 445.394 Executing VM operation: GetCurrentContendedMonitor done
Event: 446.437 Executing VM operation: GetFrameCount
Event: 446.438 Executing VM operation: GetFrameCount done
Event: 446.439 Executing VM operation: GetOwnedMonitorInfo
Event: 446.439 Executing VM operation: GetOwnedMonitorInfo done
Event: 446.439 Executing VM operation: GetCurrentContendedMonitor
Event: 446.439 Executing VM operation: GetCurrentContendedMonitor done
Event: 450.068 Executing VM operation: GetCurrentContendedMonitor
Event: 450.068 Executing VM operation: GetCurrentContendedMonitor done
Event: 450.068 Executing VM operation: GetOwnedMonitorInfo
Event: 450.068 Executing VM operation: GetOwnedMonitorInfo done
Event: 450.722 Executing VM operation: GetCurrentContendedMonitor
Event: 450.722 Executing VM operation: GetCurrentContendedMonitor done
Event: 450.722 Executing VM operation: GetOwnedMonitorInfo
Event: 450.723 Executing VM operation: GetOwnedMonitorInfo done
Event: 452.340 Executing VM operation: GetOrSetLocal


Dynamic libraries:
706c00000-716600000 rw-p 00000000 00:00 0 
716600000-800000000 ---p 00000000 00:00 0 
800000000-8000e0000 rw-p 00000000 00:00 0 
8000e0000-840000000 ---p 00000000 00:00 0 
5606a4879000-5606a487a000 r--p 00000000 08:05 21240058                   /usr/lib/jvm/java-11-openjdk/bin/java
5606a487a000-5606a487b000 r-xp 00001000 08:05 21240058                   /usr/lib/jvm/java-11-openjdk/bin/java
5606a487b000-5606a487c000 r--p 00002000 08:05 21240058                   /usr/lib/jvm/java-11-openjdk/bin/java
5606a487c000-5606a487d000 r--p 00002000 08:05 21240058                   /usr/lib/jvm/java-11-openjdk/bin/java
5606a487d000-5606a487e000 rw-p 00003000 08:05 21240058                   /usr/lib/jvm/java-11-openjdk/bin/java
5606a647e000-5606a649f000 rw-p 00000000 00:00 0                          [heap]
7faa54000000-7faa54021000 rw-p 00000000 00:00 0 
7faa54021000-7faa58000000 ---p 00000000 00:00 0 
7faa5c000000-7faa5c021000 rw-p 00000000 00:00 0 
7faa5c021000-7faa60000000 ---p 00000000 00:00 0 
7faa60000000-7faa60021000 rw-p 00000000 00:00 0 
7faa60021000-7faa64000000 ---p 00000000 00:00 0 
7faa64000000-7faa64035000 rw-p 00000000 00:00 0 
7faa64035000-7faa68000000 ---p 00000000 00:00 0 
7faa68000000-7faa68021000 rw-p 00000000 00:00 0 
7faa68021000-7faa6c000000 ---p 00000000 00:00 0 
7faa6c000000-7faa6c021000 rw-p 00000000 00:00 0 
7faa6c021000-7faa70000000 ---p 00000000 00:00 0 
7faa70000000-7faa70141000 rw-p 00000000 00:00 0 
7faa70141000-7faa74000000 ---p 00000000 00:00 0 
7faa74000000-7faa74117000 rw-p 00000000 00:00 0 
7faa74117000-7faa78000000 ---p 00000000 00:00 0 
7faa78000000-7faa78021000 rw-p 00000000 00:00 0 
7faa78021000-7faa7c000000 ---p 00000000 00:00 0 
7faa7c000000-7faa7c1ef000 rw-p 00000000 00:00 0 
7faa7c1ef000-7faa80000000 ---p 00000000 00:00 0 
7faa80000000-7faa80021000 rw-p 00000000 00:00 0 
7faa80021000-7faa84000000 ---p 00000000 00:00 0 
7faa873ba000-7faa8747a000 rw-p 00000000 00:00 0 
7faa8747a000-7faa875ba000 ---p 00000000 00:00 0 
7faa875ba000-7faa875bb000 ---p 00000000 00:00 0 
7faa875bb000-7faa876bc000 rw-p 00000000 00:00 0 
7faa876bc000-7faa876c0000 ---p 00000000 00:00 0 
7faa876c0000-7faa877bd000 rw-p 00000000 00:00 0 
7faa877bd000-7faa877c1000 ---p 00000000 00:00 0 
7faa877c1000-7faa878be000 rw-p 00000000 00:00 0 
7faa878be000-7faa878c2000 ---p 00000000 00:00 0 
7faa878c2000-7faa879bf000 rw-p 00000000 00:00 0 
7faa879fa000-7faa879fe000 ---p 00000000 00:00 0 
7faa879fe000-7faa87afb000 rw-p 00000000 00:00 0 
7faa87afb000-7faa87aff000 ---p 00000000 00:00 0 
7faa87aff000-7faa87bfc000 rw-p 00000000 00:00 0 
7faa87bfc000-7faa87c00000 ---p 00000000 00:00 0 
7faa87c00000-7faa87cfd000 rw-p 00000000 00:00 0 
7faa87cfd000-7faa87d01000 ---p 00000000 00:00 0 
7faa87d01000-7faa87dfe000 rw-p 00000000 00:00 0 
7faa87dfe000-7faa87e02000 ---p 00000000 00:00 0 
7faa87e02000-7faa87eff000 rw-p 00000000 00:00 0 
7faa87eff000-7faa87f03000 ---p 00000000 00:00 0 
7faa87f03000-7faa88000000 rw-p 00000000 00:00 0 
7faa88000000-7faa88021000 rw-p 00000000 00:00 0 
7faa88021000-7faa8c000000 ---p 00000000 00:00 0 
7faa8c000000-7faa8c021000 rw-p 00000000 00:00 0 
7faa8c021000-7faa90000000 ---p 00000000 00:00 0 
7faa90000000-7faa90021000 rw-p 00000000 00:00 0 
7faa90021000-7faa94000000 ---p 00000000 00:00 0 
7faa94000000-7faa94021000 rw-p 00000000 00:00 0 
7faa94021000-7faa98000000 ---p 00000000 00:00 0 
7faa98000000-7faa98021000 rw-p 00000000 00:00 0 
7faa98021000-7faa9c000000 ---p 00000000 00:00 0 
7faa9c000000-7faa9c021000 rw-p 00000000 00:00 0 
7faa9c021000-7faaa0000000 ---p 00000000 00:00 0 
7faaa0000000-7faaa0021000 rw-p 00000000 00:00 0 
7faaa0021000-7faaa4000000 ---p 00000000 00:00 0 
7faaa4047000-7faaa404b000 ---p 00000000 00:00 0 
7faaa404b000-7faaa4148000 rw-p 00000000 00:00 0 
7faaa4148000-7faaa4706000 r--p 00000000 08:05 20862089                   /usr/lib/locale/locale-archive
7faaa4706000-7faaa470a000 ---p 00000000 00:00 0 
7faaa470a000-7faaa4807000 rw-p 00000000 00:00 0 
7faaa4807000-7faaa480b000 ---p 00000000 00:00 0 
7faaa480b000-7faaa4908000 rw-p 00000000 00:00 0 
7faaa4908000-7faaa4909000 ---p 00000000 00:00 0 
7faaa4909000-7faaa528b000 rw-p 00000000 00:00 0 
7faaa528b000-7faaa528c000 ---p 00000000 00:00 0 
7faaa528c000-7faaa538d000 rw-p 00000000 00:00 0 
7faaa538d000-7faaa538e000 ---p 00000000 00:00 0 
7faaa538e000-7faaa7f7e000 rw-p 00000000 00:00 0 
7faaa7f7e000-7faaab9e6000 ---p 00000000 00:00 0 
7faaab9e6000-7faaabdce000 rw-p 00000000 00:00 0 
7faaabdce000-7faaaf836000 ---p 00000000 00:00 0 
7faaaf836000-7faaaf8b3000 rw-p 00000000 00:00 0 
7faaaf8b3000-7faab0000000 ---p 00000000 00:00 0 
7faab0000000-7faab0021000 rw-p 00000000 00:00 0 
7faab0021000-7faab4000000 ---p 00000000 00:00 0 
7faab401e000-7faab4022000 r--p 00000000 08:05 21240141                   /usr/lib/jvm/java-11-openjdk/lib/libnet.so
7faab4022000-7faab4031000 r-xp 00004000 08:05 21240141                   /usr/lib/jvm/java-11-openjdk/lib/libnet.so
7faab4031000-7faab4035000 r--p 00013000 08:05 21240141                   /usr/lib/jvm/java-11-openjdk/lib/libnet.so
7faab4035000-7faab4036000 r--p 00016000 08:05 21240141                   /usr/lib/jvm/java-11-openjdk/lib/libnet.so
7faab4036000-7faab4037000 rw-p 00017000 08:05 21240141                   /usr/lib/jvm/java-11-openjdk/lib/libnet.so
7faab4037000-7faab41b5000 rw-p 00000000 00:00 0 
7faab41b5000-7faab4902000 ---p 00000000 00:00 0 
7faab4902000-7faab4b72000 rwxp 00000000 00:00 0 
7faab4b72000-7faab4e93000 ---p 00000000 00:00 0 
7faab4e93000-7faab5103000 rwxp 00000000 00:00 0 
7faab5103000-7faabc3ca000 ---p 00000000 00:00 0 
7faabc3ca000-7faabc63a000 rwxp 00000000 00:00 0 
7faabc63a000-7faac3902000 ---p 00000000 00:00 0 
7faac3902000-7faacc000000 r--s 00000000 08:05 21240404                   /usr/lib/jvm/java-11-openjdk/lib/modules
7faacc000000-7faacc54d000 rw-p 00000000 00:00 0 
7faacc54d000-7faad0000000 ---p 00000000 00:00 0 
7faad0015000-7faad0070000 rw-p 00000000 00:00 0 
7faad0070000-7faad0071000 ---p 00000000 00:00 0 
7faad0071000-7faad0172000 rw-p 00000000 00:00 0 
7faad0172000-7faad0173000 ---p 00000000 00:00 0 
7faad0173000-7faad03f3000 rw-p 00000000 00:00 0 
7faad03f3000-7faad0b40000 ---p 00000000 00:00 0 
7faad0b40000-7faad1348000 rw-p 00000000 00:00 0 
7faad1348000-7faad1349000 ---p 00000000 00:00 0 
7faad1349000-7faad144f000 rw-p 00000000 00:00 0 
7faad144f000-7faad1535000 ---p 00000000 00:00 0 
7faad1535000-7faad153a000 rw-p 00000000 00:00 0 
7faad153a000-7faad1620000 ---p 00000000 00:00 0 
7faad1620000-7faad1623000 r--p 00000000 08:05 20849900                   /usr/lib/libnss_files-2.32.so
7faad1623000-7faad162a000 r-xp 00003000 08:05 20849900                   /usr/lib/libnss_files-2.32.so
7faad162a000-7faad162c000 r--p 0000a000 08:05 20849900                   /usr/lib/libnss_files-2.32.so
7faad162c000-7faad162d000 r--p 0000b000 08:05 20849900                   /usr/lib/libnss_files-2.32.so
7faad162d000-7faad162e000 rw-p 0000c000 08:05 20849900                   /usr/lib/libnss_files-2.32.so
7faad162e000-7faad1634000 rw-p 00000000 00:00 0 
7faad1645000-7faad164c000 r--p 00000000 08:05 21240143                   /usr/lib/jvm/java-11-openjdk/lib/libnio.so
7faad164c000-7faad1653000 r-xp 00007000 08:05 21240143                   /usr/lib/jvm/java-11-openjdk/lib/libnio.so
7faad1653000-7faad1656000 r--p 0000e000 08:05 21240143                   /usr/lib/jvm/java-11-openjdk/lib/libnio.so
7faad1656000-7faad1657000 r--p 00010000 08:05 21240143                   /usr/lib/jvm/java-11-openjdk/lib/libnio.so
7faad1657000-7faad1658000 rw-p 00011000 08:05 21240143                   /usr/lib/jvm/java-11-openjdk/lib/libnio.so
7faad1658000-7faad165d000 rw-p 00000000 00:00 0 
7faad165d000-7faad1664000 ---p 00000000 00:00 0 
7faad1664000-7faad1666000 r--p 00000000 08:05 21240157                   /usr/lib/jvm/java-11-openjdk/lib/libzip.so
7faad1666000-7faad166a000 r-xp 00002000 08:05 21240157                   /usr/lib/jvm/java-11-openjdk/lib/libzip.so
7faad166a000-7faad166c000 r--p 00006000 08:05 21240157                   /usr/lib/jvm/java-11-openjdk/lib/libzip.so
7faad166c000-7faad166d000 r--p 00007000 08:05 21240157                   /usr/lib/jvm/java-11-openjdk/lib/libzip.so
7faad166d000-7faad166e000 rw-p 00008000 08:05 21240157                   /usr/lib/jvm/java-11-openjdk/lib/libzip.so
7faad166e000-7faad1670000 r--p 00000000 08:05 21240125                   /usr/lib/jvm/java-11-openjdk/lib/libjdwp.so
7faad1670000-7faad169d000 r-xp 00002000 08:05 21240125                   /usr/lib/jvm/java-11-openjdk/lib/libjdwp.so
7faad169d000-7faad16ab000 r--p 0002f000 08:05 21240125                   /usr/lib/jvm/java-11-openjdk/lib/libjdwp.so
7faad16ab000-7faad16ac000 r--p 0003c000 08:05 21240125                   /usr/lib/jvm/java-11-openjdk/lib/libjdwp.so
7faad16ac000-7faad16ad000 rw-p 0003d000 08:05 21240125                   /usr/lib/jvm/java-11-openjdk/lib/libjdwp.so
7faad16ad000-7faad16bb000 r--p 00000000 08:05 21240121                   /usr/lib/jvm/java-11-openjdk/lib/libjava.so
7faad16bb000-7faad16d0000 r-xp 0000e000 08:05 21240121                   /usr/lib/jvm/java-11-openjdk/lib/libjava.so
7faad16d0000-7faad16d7000 r--p 00023000 08:05 21240121                   /usr/lib/jvm/java-11-openjdk/lib/libjava.so
7faad16d7000-7faad16d8000 r--p 00029000 08:05 21240121                   /usr/lib/jvm/java-11-openjdk/lib/libjava.so
7faad16d8000-7faad16d9000 rw-p 0002a000 08:05 21240121                   /usr/lib/jvm/java-11-openjdk/lib/libjava.so
7faad16d9000-7faad16da000 rw-p 00000000 00:00 0 
7faad16da000-7faad16dd000 r--p 00000000 08:05 20851229                   /usr/lib/librt-2.32.so
7faad16dd000-7faad16e1000 r-xp 00003000 08:05 20851229                   /usr/lib/librt-2.32.so
7faad16e1000-7faad16e3000 r--p 00007000 08:05 20851229                   /usr/lib/librt-2.32.so
7faad16e3000-7faad16e4000 r--p 00008000 08:05 20851229                   /usr/lib/librt-2.32.so
7faad16e4000-7faad16e5000 rw-p 00009000 08:05 20851229                   /usr/lib/librt-2.32.so
7faad16e5000-7faad16e9000 ---p 00000000 00:00 0 
7faad16e9000-7faad17e6000 rw-p 00000000 00:00 0 
7faad17e6000-7faad17e9000 r--p 00000000 08:05 20845053                   /usr/lib/libgcc_s.so.1
7faad17e9000-7faad17fa000 r-xp 00003000 08:05 20845053                   /usr/lib/libgcc_s.so.1
7faad17fa000-7faad17fe000 r--p 00014000 08:05 20845053                   /usr/lib/libgcc_s.so.1
7faad17fe000-7faad17ff000 r--p 00017000 08:05 20845053                   /usr/lib/libgcc_s.so.1
7faad17ff000-7faad1800000 rw-p 00018000 08:05 20845053                   /usr/lib/libgcc_s.so.1
7faad1800000-7faad180f000 r--p 00000000 08:05 20849879                   /usr/lib/libm-2.32.so
7faad180f000-7faad18ab000 r-xp 0000f000 08:05 20849879                   /usr/lib/libm-2.32.so
7faad18ab000-7faad1944000 r--p 000ab000 08:05 20849879                   /usr/lib/libm-2.32.so
7faad1944000-7faad1945000 r--p 00143000 08:05 20849879                   /usr/lib/libm-2.32.so
7faad1945000-7faad1946000 rw-p 00144000 08:05 20849879                   /usr/lib/libm-2.32.so
7faad1946000-7faad19dc000 r--p 00000000 08:05 20846871                   /usr/lib/libstdc++.so.6.0.28
7faad19dc000-7faad1ac8000 r-xp 00096000 08:05 20846871                   /usr/lib/libstdc++.so.6.0.28
7faad1ac8000-7faad1b11000 r--p 00182000 08:05 20846871                   /usr/lib/libstdc++.so.6.0.28
7faad1b11000-7faad1b12000 ---p 001cb000 08:05 20846871                   /usr/lib/libstdc++.so.6.0.28
7faad1b12000-7faad1b1f000 r--p 001cb000 08:05 20846871                   /usr/lib/libstdc++.so.6.0.28
7faad1b1f000-7faad1b20000 rw-p 001d8000 08:05 20846871                   /usr/lib/libstdc++.so.6.0.28
7faad1b20000-7faad1b23000 rw-p 00000000 00:00 0 
7faad1b23000-7faad1d92000 r--p 00000000 08:05 22418601                   /usr/lib/jvm/java-11-openjdk/lib/server/libjvm.so
7faad1d92000-7faad295a000 r-xp 0026f000 08:05 22418601                   /usr/lib/jvm/java-11-openjdk/lib/server/libjvm.so
7faad295a000-7faad2b9a000 r--p 00e37000 08:05 22418601                   /usr/lib/jvm/java-11-openjdk/lib/server/libjvm.so
7faad2b9a000-7faad2b9b000 ---p 01077000 08:05 22418601                   /usr/lib/jvm/java-11-openjdk/lib/server/libjvm.so
7faad2b9b000-7faad2c59000 r--p 01077000 08:05 22418601                   /usr/lib/jvm/java-11-openjdk/lib/server/libjvm.so
7faad2c59000-7faad2c92000 rw-p 01135000 08:05 22418601                   /usr/lib/jvm/java-11-openjdk/lib/server/libjvm.so
7faad2c92000-7faad2ceb000 rw-p 00000000 00:00 0 
7faad2ceb000-7faad2cf2000 r--p 00000000 08:05 20849907                   /usr/lib/libpthread-2.32.so
7faad2cf2000-7faad2d02000 r-xp 00007000 08:05 20849907                   /usr/lib/libpthread-2.32.so
7faad2d02000-7faad2d07000 r--p 00017000 08:05 20849907                   /usr/lib/libpthread-2.32.so
7faad2d07000-7faad2d08000 r--p 0001b000 08:05 20849907                   /usr/lib/libpthread-2.32.so
7faad2d08000-7faad2d09000 rw-p 0001c000 08:05 20849907                   /usr/lib/libpthread-2.32.so
7faad2d09000-7faad2d0d000 rw-p 00000000 00:00 0 
7faad2d0d000-7faad2d0e000 r--p 00000000 08:05 20849873                   /usr/lib/libdl-2.32.so
7faad2d0e000-7faad2d10000 r-xp 00001000 08:05 20849873                   /usr/lib/libdl-2.32.so
7faad2d10000-7faad2d11000 r--p 00003000 08:05 20849873                   /usr/lib/libdl-2.32.so
7faad2d11000-7faad2d12000 r--p 00003000 08:05 20849873                   /usr/lib/libdl-2.32.so
7faad2d12000-7faad2d13000 rw-p 00004000 08:05 20849873                   /usr/lib/libdl-2.32.so
7faad2d13000-7faad2d16000 r--p 00000000 08:05 20846995                   /usr/lib/libz.so.1.2.11
7faad2d16000-7faad2d24000 r-xp 00003000 08:05 20846995                   /usr/lib/libz.so.1.2.11
7faad2d24000-7faad2d2a000 r--p 00011000 08:05 20846995                   /usr/lib/libz.so.1.2.11
7faad2d2a000-7faad2d2b000 ---p 00017000 08:05 20846995                   /usr/lib/libz.so.1.2.11
7faad2d2b000-7faad2d2c000 r--p 00017000 08:05 20846995                   /usr/lib/libz.so.1.2.11
7faad2d2c000-7faad2d2d000 rw-p 00018000 08:05 20846995                   /usr/lib/libz.so.1.2.11
7faad2d2d000-7faad2d53000 r--p 00000000 08:05 20849866                   /usr/lib/libc-2.32.so
7faad2d53000-7faad2ea0000 r-xp 00026000 08:05 20849866                   /usr/lib/libc-2.32.so
7faad2ea0000-7faad2eec000 r--p 00173000 08:05 20849866                   /usr/lib/libc-2.32.so
7faad2eec000-7faad2eef000 r--p 001be000 08:05 20849866                   /usr/lib/libc-2.32.so
7faad2eef000-7faad2ef2000 rw-p 001c1000 08:05 20849866                   /usr/lib/libc-2.32.so
7faad2ef2000-7faad2ef6000 rw-p 00000000 00:00 0 
7faad2ef6000-7faad2ef8000 r--p 00000000 08:05 21240105                   /usr/lib/jvm/java-11-openjdk/lib/libdt_socket.so
7faad2ef8000-7faad2efb000 r-xp 00002000 08:05 21240105                   /usr/lib/jvm/java-11-openjdk/lib/libdt_socket.so
7faad2efb000-7faad2efc000 r--p 00005000 08:05 21240105                   /usr/lib/jvm/java-11-openjdk/lib/libdt_socket.so
7faad2efc000-7faad2efd000 r--p 00005000 08:05 21240105                   /usr/lib/jvm/java-11-openjdk/lib/libdt_socket.so
7faad2efd000-7faad2efe000 rw-p 00006000 08:05 21240105                   /usr/lib/jvm/java-11-openjdk/lib/libdt_socket.so
7faad2efe000-7faad2f06000 rw-s 00000000 00:31 3589                       /tmp/hsperfdata_ren/270678
7faad2f06000-7faad2f08000 r--p 00000000 08:05 21240111                   /usr/lib/jvm/java-11-openjdk/lib/libinstrument.so
7faad2f08000-7faad2f0e000 r-xp 00002000 08:05 21240111                   /usr/lib/jvm/java-11-openjdk/lib/libinstrument.so
7faad2f0e000-7faad2f11000 r--p 00008000 08:05 21240111                   /usr/lib/jvm/java-11-openjdk/lib/libinstrument.so
7faad2f11000-7faad2f12000 r--p 0000a000 08:05 21240111                   /usr/lib/jvm/java-11-openjdk/lib/libinstrument.so
7faad2f12000-7faad2f13000 rw-p 0000b000 08:05 21240111                   /usr/lib/jvm/java-11-openjdk/lib/libinstrument.so
7faad2f13000-7faad2f14000 ---p 00000000 00:00 0 
7faad2f14000-7faad2f15000 r--p 00000000 00:00 0 
7faad2f15000-7faad2f17000 r--p 00000000 08:05 21240127                   /usr/lib/jvm/java-11-openjdk/lib/libjimage.so
7faad2f17000-7faad2f1a000 r-xp 00002000 08:05 21240127                   /usr/lib/jvm/java-11-openjdk/lib/libjimage.so
7faad2f1a000-7faad2f1b000 r--p 00005000 08:05 21240127                   /usr/lib/jvm/java-11-openjdk/lib/libjimage.so
7faad2f1b000-7faad2f1c000 ---p 00006000 08:05 21240127                   /usr/lib/jvm/java-11-openjdk/lib/libjimage.so
7faad2f1c000-7faad2f1d000 r--p 00006000 08:05 21240127                   /usr/lib/jvm/java-11-openjdk/lib/libjimage.so
7faad2f1d000-7faad2f1e000 rw-p 00007000 08:05 21240127                   /usr/lib/jvm/java-11-openjdk/lib/libjimage.so
7faad2f1e000-7faad2f23000 r--p 00000000 08:05 21240155                   /usr/lib/jvm/java-11-openjdk/lib/libverify.so
7faad2f23000-7faad2f2a000 r-xp 00005000 08:05 21240155                   /usr/lib/jvm/java-11-openjdk/lib/libverify.so
7faad2f2a000-7faad2f2c000 r--p 0000c000 08:05 21240155                   /usr/lib/jvm/java-11-openjdk/lib/libverify.so
7faad2f2c000-7faad2f2d000 ---p 0000e000 08:05 21240155                   /usr/lib/jvm/java-11-openjdk/lib/libverify.so
7faad2f2d000-7faad2f2f000 r--p 0000e000 08:05 21240155                   /usr/lib/jvm/java-11-openjdk/lib/libverify.so
7faad2f2f000-7faad2f30000 rw-p 00010000 08:05 21240155                   /usr/lib/jvm/java-11-openjdk/lib/libverify.so
7faad2f30000-7faad2f33000 r--p 00000000 08:05 21893852                   /usr/lib/jvm/java-11-openjdk/lib/jli/libjli.so
7faad2f33000-7faad2f3d000 r-xp 00003000 08:05 21893852                   /usr/lib/jvm/java-11-openjdk/lib/jli/libjli.so
7faad2f3d000-7faad2f40000 r--p 0000d000 08:05 21893852                   /usr/lib/jvm/java-11-openjdk/lib/jli/libjli.so
7faad2f40000-7faad2f41000 ---p 00010000 08:05 21893852                   /usr/lib/jvm/java-11-openjdk/lib/jli/libjli.so
7faad2f41000-7faad2f42000 r--p 00010000 08:05 21893852                   /usr/lib/jvm/java-11-openjdk/lib/jli/libjli.so
7faad2f42000-7faad2f43000 rw-p 00011000 08:05 21893852                   /usr/lib/jvm/java-11-openjdk/lib/jli/libjli.so
7faad2f43000-7faad2f45000 rw-p 00000000 00:00 0 
7faad2f45000-7faad2f47000 r--p 00000000 08:05 20849855                   /usr/lib/ld-2.32.so
7faad2f47000-7faad2f68000 r-xp 00002000 08:05 20849855                   /usr/lib/ld-2.32.so
7faad2f68000-7faad2f71000 r--p 00023000 08:05 20849855                   /usr/lib/ld-2.32.so
7faad2f71000-7faad2f72000 r--p 0002b000 08:05 20849855                   /usr/lib/ld-2.32.so
7faad2f72000-7faad2f74000 rw-p 0002c000 08:05 20849855                   /usr/lib/ld-2.32.so
7ffdaadec000-7ffdaae0d000 rw-p 00000000 00:00 0                          [stack]
7ffdaaf8c000-7ffdaaf90000 r--p 00000000 00:00 0                          [vvar]
7ffdaaf90000-7ffdaaf92000 r-xp 00000000 00:00 0                          [vdso]
ffffffffff600000-ffffffffff601000 --xp 00000000 00:00 0                  [vsyscall]


VM Arguments:
jvm_args: -agentlib:jdwp=transport=dt_socket,suspend=y,address=localhost:46495 -javaagent:/home/ren/eclipse/java-2020-09/eclipse/configuration/org.eclipse.osgi/211/0/.cp/lib/javaagent-shaded.jar -Dfile.encoding=UTF-8 
java_command: december6puzzle1.Main
java_class_path (initial): /home/ren/eclipse-workspace/Advent of Code 2020/bin
Launcher Type: SUN_STANDARD

[Global flags]
     intx CICompilerCount                          = 4                                         {product} {ergonomic}
     uint ConcGCThreads                            = 2                                         {product} {ergonomic}
     uint G1ConcRefinementThreads                  = 8                                         {product} {ergonomic}
   size_t G1HeapRegionSize                         = 1048576                                   {product} {ergonomic}
    uintx GCDrainStackTargetSize                   = 64                                        {product} {ergonomic}
   size_t InitialHeapSize                          = 262144000                                 {product} {ergonomic}
   size_t MarkStackSize                            = 4194304                                   {product} {ergonomic}
   size_t MaxHeapSize                              = 4181721088                                {product} {ergonomic}
   size_t MaxNewSize                               = 2508193792                                {product} {ergonomic}
   size_t MinHeapDeltaBytes                        = 1048576                                   {product} {ergonomic}
    uintx NonNMethodCodeHeapSize                   = 5836300                                {pd product} {ergonomic}
    uintx NonProfiledCodeHeapSize                  = 122910970                              {pd product} {ergonomic}
    uintx ProfiledCodeHeapSize                     = 122910970                              {pd product} {ergonomic}
    uintx ReservedCodeCacheSize                    = 251658240                              {pd product} {ergonomic}
     bool SegmentedCodeCache                       = true                                      {product} {ergonomic}
     bool UseCompressedClassPointers               = true                                 {lp64_product} {ergonomic}
     bool UseCompressedOops                        = true                                 {lp64_product} {ergonomic}
     bool UseG1GC                                  = true                                      {product} {ergonomic}

Logging:
Log output configuration:
 #0: stdout all=warning uptime,level,tags
 #1: stderr all=off uptime,level,tags

Environment Variables:
PATH=/home/ren/.local/bin:/usr/local/sbin:/usr/local/bin:/usr/bin:/usr/lib/jvm/default/bin:/usr/bin/site_perl:/usr/bin/vendor_perl:/usr/bin/core_perl:/var/lib/snapd/snap/bin
SHELL=/bin/bash
DISPLAY=:0
LANG=en_US.UTF-8

Signal Handlers:
SIGSEGV: [libjvm.so+0xdc39e0], sa_mask[0]=11111111011111111101111111111110, sa_flags=SA_RESTART|SA_SIGINFO
SIGBUS: [libjvm.so+0xdc39e0], sa_mask[0]=11111111011111111101111111111110, sa_flags=SA_RESTART|SA_SIGINFO
SIGFPE: [libjvm.so+0xdc39e0], sa_mask[0]=11111111011111111101111111111110, sa_flags=SA_RESTART|SA_SIGINFO
SIGPIPE: [libjvm.so+0xbb9960], sa_mask[0]=11111111011111111101111111111110, sa_flags=SA_RESTART|SA_SIGINFO
SIGXFSZ: [libjvm.so+0xbb9960], sa_mask[0]=11111111011111111101111111111110, sa_flags=SA_RESTART|SA_SIGINFO
SIGILL: [libjvm.so+0xdc39e0], sa_mask[0]=11111111011111111101111111111110, sa_flags=SA_RESTART|SA_SIGINFO
SIGUSR2: [libjvm.so+0xbb97f0], sa_mask[0]=00100000000000000000000000000000, sa_flags=SA_RESTART|SA_SIGINFO
SIGHUP: [libjvm.so+0xbb9dd0], sa_mask[0]=11111111011111111101111111111110, sa_flags=SA_RESTART|SA_SIGINFO
SIGINT: [libjvm.so+0xbb9dd0], sa_mask[0]=11111111011111111101111111111110, sa_flags=SA_RESTART|SA_SIGINFO
SIGTERM: [libjvm.so+0xbb9dd0], sa_mask[0]=11111111011111111101111111111110, sa_flags=SA_RESTART|SA_SIGINFO
SIGQUIT: [libjvm.so+0xbb9dd0], sa_mask[0]=11111111011111111101111111111110, sa_flags=SA_RESTART|SA_SIGINFO


---------------  S Y S T E M  ---------------

OS:DISTRIB_ID=ManjaroLinux
DISTRIB_RELEASE=20.2
DISTRIB_CODENAME=Nibia
DISTRIB_DESCRIPTION="Manjaro Linux"
uname:Linux 5.9.11-3-MANJARO #1 SMP PREEMPT Sat Nov 28 09:08:57 UTC 2020 x86_64
OS uptime: 0 days 7:23 hours
libc:glibc 2.32 NPTL 2.32 
rlimit (soft/hard): STACK 8192k/infinity , CORE infinity/infinity , NPROC 63723/63723 , NOFILE 524288/524288 , AS infinity/infinity , CPU infinity/infinity , DATA infinity/infinity , FSIZE infinity/infinity , MEMLOCK 64k/64k
load average:2.62 1.74 1.40

/proc/meminfo:
MemTotal:       16333492 kB
MemFree:         2110740 kB
MemAvailable:   10765660 kB
Buffers:         1506224 kB
Cached:          6121000 kB
SwapCached:            0 kB
Active:          3871464 kB
Inactive:        8081888 kB
Active(anon):      68948 kB
Inactive(anon):  4561912 kB
Active(file):    3802516 kB
Inactive(file):  3519976 kB
Unevictable:          96 kB
Mlocked:              96 kB
SwapTotal:             0 kB
SwapFree:              0 kB
Dirty:               604 kB
Writeback:             0 kB
AnonPages:       4326476 kB
Mapped:          1498360 kB
Shmem:            357500 kB
KReclaimable:    1676604 kB
Slab:            1840072 kB
SReclaimable:    1676604 kB
SUnreclaim:       163468 kB
KernelStack:       17824 kB
PageTables:        40560 kB
NFS_Unstable:          0 kB
Bounce:                0 kB
WritebackTmp:          0 kB
CommitLimit:     8166744 kB
Committed_AS:   10409312 kB
VmallocTotal:   34359738367 kB
VmallocUsed:       79900 kB
VmallocChunk:          0 kB
Percpu:             4704 kB
HardwareCorrupted:     0 kB
AnonHugePages:     10240 kB
ShmemHugePages:        0 kB
ShmemPmdMapped:        0 kB
FileHugePages:         0 kB
FilePmdMapped:         0 kB
HugePages_Total:       0
HugePages_Free:        0
HugePages_Rsvd:        0
HugePages_Surp:        0
Hugepagesize:       2048 kB
Hugetlb:               0 kB
DirectMap4k:      895892 kB
DirectMap2M:    14770176 kB
DirectMap1G:     2097152 kB

/sys/kernel/mm/transparent_hugepage/enabled:
always [madvise] never

/sys/kernel/mm/transparent_hugepage/defrag (defrag/compaction efforts parameter):
always defer defer+madvise [madvise] never


/proc/sys/kernel/threads-max (system-wide limit on the number of threads):
127447


/proc/sys/vm/max_map_count (maximum number of memory map areas a process may have):
65530


/proc/sys/kernel/pid_max (system-wide limit on number of process identifiers):
4194304



container (cgroup) information:
container_type: cgroupv1
cpu_cpuset_cpus: 0-7
cpu_memory_nodes: 0
active_processor_count: 8
cpu_quota: -1
cpu_period: 100000
cpu_shares: -1
memory_limit_in_bytes: -1
memory_and_swap_limit_in_bytes: -1
memory_soft_limit_in_bytes: -1
memory_usage_in_bytes: 4969074688
memory_max_usage_in_bytes: 7168106496

Steal ticks since vm start: 0
Steal ticks percentage since vm start:  0.000

CPU:total 8 (initial active 8) (8 cores per cpu, 1 threads per core) family 6 model 158 stepping 13, cmov, cx8, fxsr, mmx, sse, sse2, sse3, ssse3, sse4.1, sse4.2, popcnt, avx, avx2, aes, clmul, erms, 3dnowpref, lzcnt, tsc, tscinvbit, bmi1, bmi2, adx, fma
CPU Model and flags from /proc/cpuinfo:
model name	: Intel(R) Core(TM) i7-9700K CPU @ 3.60GHz
flags		: fpu vme de pse tsc msr pae mce cx8 apic sep mtrr pge mca cmov pat pse36 clflush dts acpi mmx fxsr sse sse2 ss ht tm pbe syscall nx pdpe1gb rdtscp lm constant_tsc art arch_perfmon pebs bts rep_good nopl xtopology nonstop_tsc cpuid aperfmperf pni pclmulqdq dtes64 monitor ds_cpl vmx smx est tm2 ssse3 sdbg fma cx16 xtpr pdcm pcid sse4_1 sse4_2 x2apic movbe popcnt tsc_deadline_timer aes xsave avx f16c rdrand lahf_lm abm 3dnowprefetch cpuid_fault epb invpcid_single ssbd ibrs ibpb stibp ibrs_enhanced tpr_shadow vnmi flexpriority ept vpid ept_ad fsgsbase tsc_adjust bmi1 avx2 smep bmi2 erms invpcid mpx rdseed adx smap clflushopt intel_pt xsaveopt xsavec xgetbv1 xsaves dtherm ida arat pln pts hwp hwp_notify hwp_act_window hwp_epp md_clear flush_l1d arch_capabilities

Memory: 4k page, physical 16333492k(2110740k free), swap 0k(0k free)

vm_info: OpenJDK 64-Bit Server VM (11.0.8+10) for linux-amd64 JRE (11.0.8+10), built on Jul 16 2020 20:35:48 by "builduser" with gcc 10.1.0

END.
